5049.4 5043.6 -352.2
5046.1 5046.4 -430.4
5047.7 5048.3 380.2
5042.6 5042.0 365.9
5047.9 5042.1 199.6
5048.9 5043.8 275.2
5048.9 5042.1 -312.7
5040.6 5040.3 -298.0
5046.8 5049.4 -25.6
5043.9 5045.0 -322.6
5049.1 5046.9 -206.8
5045.8 5047.7 313.5
5040.7 5042.7 418.8
5043.8 5040.2 -244.3
5047.9 5047.4 -360.9
5045.8 5044.1 -487.7
5045.3 5040.8 -454.6
5044.7 5046.2 207.5
5047.6 5041.0 -166.2
5041.7 5047.9 321.0
5042.0 5044.6 -426.1
5040.6 5040.5 167.0
5045.4 5047.1 -424.4
5045.8 5047.3 276.0
5044.5 5044.6 -409.7
5049.1 5047.8 270.5
5045.0 5045.6 -5.4
5048.6 5046.2 -206.0
5047.6 5041.4 101.0
5044.8 5046.9 -339.6
5043.3 5041.1 80.3
5044.9 5044.2 -249.0
5048.3 5040.6 63.2
5047.2 5047.6 269.2
5043.1 5046.5 243.5
5041.0 5041.8 -224.5
5042.7 5044.9 -67.9
5048.3 5047.8 337.6
5044.9 5040.5 331.3
5043.2 5042.9 -127.8
5047.0 5040.8 238.1
5042.3 5048.3 253.1
5047.3 5043.6 452.3
5048.6 5041.8 63.8
5046.2 5044.9 -134.6
5045.1 5040.8 -286.1
5040.2 5043.6 161.3
5049.2 5041.4 280.2
5041.2 5040.4 458.3
5040.4 5045.5 -230.2
5048.1 5049.1 296.9
5043.4 5043.5 -297.3
5043.3 5041.0 -63.9
5041.7 5047.9 430.6
5048.3 5042.1 -169.1
5040.0 5040.6 -422.2
5047.9 5046.2 -140.7
5040.3 5043.8 -372.9
5048.4 5040.7 -374.4
5046.8 5041.3 -41.6
5043.6 5045.4 -451.4
5045.2 5046.6 -256.1
5041.5 5047.0 356.1
5049.0 5040.1 -401.6
5047.7 5043.7 448.6
5041.2 5044.0 -229.8
5040.9 5042.7 -147.1
5043.3 5047.2 311.0
5040.8 5046.8 -460.5
5042.5 5043.5 117.3
5046.2 5040.1 -129.4
5046.0 5040.5 -71.5
5049.3 5045.2 43.5
5045.7 5044.0 233.2
5047.2 5045.5 287.8
5045.4 5048.2 246.6
5040.1 5047.8 250.1
5044.8 5047.6 -0.7
5044.8 5043.6 332.1
5047.9 5047.9 -187.0
5043.0 5048.7 -367.7
5040.3 5044.7 -349.7
5045.1 5048.3 -101.7
5047.9 5044.8 127.6
5042.4 5046.7 -231.7
5042.1 5043.8 -193.4
5043.6 5040.9 -468.1
5047.1 5042.5 -200.6
5042.6 5044.0 -238.9
5042.9 5044.3 -292.8
5041.1 5040.1 -168.5
5046.3 5048.1 404.3
5042.3 5048.4 310.9
5047.2 5041.1 321.6
5041.6 5043.5 -280.6
5044.4 5043.3 -56.0
5042.6 5044.0 -252.4
5048.8 5045.3 -122.6
5045.4 5047.9 165.3
5044.8 5044.7 -254.5
5045.1 5044.7 -159.8
5040.1 5046.4 479.5
5042.4 5040.9 -191.9
5040.1 5045.5 37.0
5040.8 5040.3 318.2
5043.8 5044.5 473.0
5042.8 5049.3 -286.9
5042.2 5043.7 383.8
5047.6 5043.5 145.9
5048.7 5045.2 -96.9
5046.8 5045.2 -140.2
5044.5 5047.0 -112.2
5047.0 5043.9 100.4
5041.4 5046.4 -104.5
5046.2 5044.0 -146.4
5042.1 5048.6 -302.9
5042.2 5040.7 343.7
5047.2 5040.4 -97.4
5041.6 5047.4 139.4
5043.0 5044.3 14.7
5041.4 5047.4 -39.2
5040.1 5043.4 240.4
5041.0 5047.4 -281.0
5047.6 5043.8 -114.9
5041.3 5045.0 -144.3
5047.3 5048.3 48.0
5045.2 5046.1 -385.1
5044.7 5042.8 158.5
5048.1 5043.5 91.4
5041.3 5046.1 340.4
5040.4 5042.9 -62.4
5048.5 5049.1 407.8
5047.6 5048.4 -233.5
5041.1 5043.7 -395.6
5047.3 5044.7 -205.1
5044.3 5040.7 488.4
5044.0 5047.1 -460.5
5041.9 5049.4 20.7
5049.0 5048.1 -258.3
5047.2 5045.5 66.0
5047.1 5043.7 83.1
5044.7 5048.8 335.5
5048.8 5040.3 328.3
5049.1 5040.7 -145.5
5041.1 5043.0 -147.3
5046.6 5042.0 -221.0
5046.7 5045.4 359.3
5046.3 5045.1 -213.9
5042.6 5040.5 170.7
5046.5 5048.9 -373.3
5042.7 5049.0 -135.4
5042.2 5045.2 -93.6
5047.7 5045.4 -229.8
5047.5 5040.3 204.7
5044.6 5040.7 337.4
5040.7 5046.4 -442.2
5045.1 5042.1 303.2
5047.2 5047.4 -131.8
5041.1 5041.1 -206.5
5049.3 5048.9 -279.4
5042.8 5046.2 -40.9
5049.3 5045.9 371.2
5042.2 5046.5 -235.9
5045.5 5049.4 -60.7
5044.9 5040.2 -420.4
5043.6 5041.0 -324.6
5042.2 5045.5 -261.2
5044.6 5045.4 1.1
5048.5 5046.0 -4.5
5048.9 5042.4 -3.4
5048.9 5045.7 -425.2
5041.9 5044.5 184.5
5042.9 5049.0 384.4
5042.5 5043.1 158.8
5040.0 5049.2 -89.0
5044.2 5040.8 -59.0
5046.6 5041.7 -34.4
5045.8 5049.1 48.6
5042.9 5040.0 34.4
5047.7 5041.6 472.8
5044.0 5044.1 12.0
5042.0 5047.1 -281.8
5047.4 5048.6 -357.9
5045.8 5040.6 -401.5
5048.9 5042.4 -275.3
5040.4 5040.8 174.5
5043.1 5041.5 88.6
5044.0 5041.0 331.3
5042.5 5043.6 68.1
5048.4 5044.0 -454.7
5045.7 5048.9 66.1
5046.0 5043.9 -103.9
5045.9 5042.0 -445.9
5047.3 5046.9 -287.4
5046.0 5047.5 274.7
5041.1 5042.6 383.7
5049.3 5043.5 445.2
5043.4 5043.2 84.7
5042.0 5041.3 353.9
5046.1 5041.0 55.7
5043.5 5042.3 -109.2
5049.2 5048.4 480.6
5048.1 5045.1 211.7
5043.8 5046.6 -289.8
5040.7 5048.1 -289.7
5047.6 5041.8 88.6
5040.0 5043.4 444.7
5043.5 5043.7 194.9
5040.2 5048.3 191.7
5043.0 5049.2 437.5
5046.6 5045.2 71.1
5043.4 5042.3 286.5
5046.0 5045.6 160.9
5048.2 5043.3 25.4
5047.8 5048.7 472.3
5043.8 5045.9 111.2
5042.8 5042.9 133.2
5046.9 5042.6 472.4
5040.8 5047.7 -116.2
5041.1 5047.9 88.5
5041.4 5043.0 436.4
5042.4 5049.5 123.6
5040.7 5043.4 -277.9
5042.2 5049.2 38.2
5046.9 5044.7 422.9
5047.2 5045.5 317.1
5041.7 5042.2 200.4
5044.9 5042.5 -160.1
5048.6 5042.5 -124.3
5040.8 5040.4 -203.8
5040.6 5048.3 -141.8
5043.4 5043.7 -450.0
5048.1 5044.5 -177.2
5042.2 5046.6 255.2
5045.7 5042.7 41.7
5046.7 5048.4 354.0
5047.1 5042.8 185.9
5047.8 5040.0 -407.0
5040.6 5044.0 189.3
5046.8 5048.6 213.5
5048.8 5048.6 71.1
5049.3 5045.5 316.0
5043.0 5049.1 -476.4
5041.2 5046.2 315.7
5044.4 5041.6 39.4
5044.9 5041.8 -85.2
5049.2 5041.6 200.2
5045.3 5046.9 461.4
5046.9 5046.5 -231.6
5048.3 5042.0 412.7
5046.6 5048.2 -228.7
5040.8 5041.1 157.5
5044.5 5049.2 119.3
5045.4 5040.9 254.4
5045.3 5044.4 -361.5
5044.3 5049.0 13.0
5041.5 5045.0 -8.0
5041.6 5042.4 109.8
5041.3 5040.5 143.4
5047.0 5045.5 -139.1
5044.8 5043.5 373.9
5048.2 5048.4 -304.5
5045.9 5044.1 334.0
5046.4 5042.2 8.3
5045.4 5046.4 178.8
5047.9 5040.9 351.2
5040.4 5040.1 -474.7
5049.5 5048.1 429.8
5043.0 5047.8 473.4
5048.4 5046.1 -38.5
5041.3 5042.8 264.4
5045.3 5048.4 -210.4
5047.2 5048.2 -254.8
5048.5 5045.4 -422.8
5041.1 5042.3 153.3
5048.5 5040.8 337.9
5046.7 5042.8 -77.0
5041.7 5047.6 -53.5
5047.7 5040.3 241.3
5046.6 5046.5 201.1
5041.2 5048.3 -442.3
5049.4 5044.9 -237.4
5045.6 5048.4 -402.7
5041.0 5045.8 291.7
5046.4 5041.9 -383.0
5041.4 5046.2 -54.0
5045.3 5047.2 -27.1
5041.1 5041.8 134.5
5047.3 5040.8 6.7
5047.2 5040.7 27.5
5041.5 5047.0 -76.7
5049.0 5040.9 -165.0
5046.2 5043.6 -420.3
5044.5 5042.1 -476.1
5044.7 5047.4 420.9
5040.4 5045.9 199.0
5044.2 5049.3 -82.3
5042.2 5047.3 -35.8
5048.9 5045.7 -27.8
5047.8 5046.3 163.4
5043.0 5040.9 32.4
5045.1 5048.6 28.5
5046.6 5046.9 -53.0
5048.1 5047.5 6.1
5043.2 5045.0 -349.7
5049.0 5041.8 103.4
5044.7 5041.2 28.9
5042.9 5041.8 -329.8
5046.5 5047.0 134.4
5042.4 5048.0 -189.4
5045.9 5042.1 104.6
5048.2 5048.3 47.4
5042.6 5045.7 283.9
5044.6 5041.1 -268.2
5045.1 5041.9 -190.1
5047.1 5043.2 429.9
5042.4 5049.3 239.2
5042.4 5049.1 54.1
5042.6 5041.5 361.6
5046.2 5042.2 -395.9
5045.3 5048.4 288.7
5047.4 5048.3 -94.5
5045.5 5047.0 359.9
5047.5 5040.8 251.3
5044.9 5043.9 5.7
5042.0 5047.6 201.6
5046.1 5047.6 -246.9
5046.7 5046.3 -423.0
5045.8 5047.5 -91.0
5048.6 5046.6 244.0
5042.8 5046.9 240.1
5040.4 5041.0 -193.7
5044.9 5044.4 432.7
5045.4 5041.0 49.4
5049.0 5042.4 -376.0
5042.2 5043.1 61.0
5041.0 5046.6 -118.9
5045.2 5043.1 312.5
5040.8 5044.3 84.4
5049.0 5042.9 450.4
5042.0 5042.9 9.7
5042.6 5042.1 -463.0
5047.9 5048.5 336.9
5045.0 5041.4 -96.5
5049.3 5046.5 378.5
5045.4 5044.8 279.5
5044.5 5044.0 347.1
5048.4 5046.2 -485.6
5042.5 5047.0 224.7
5047.2 5044.6 188.7
5045.8 5040.2 94.5
5042.2 5042.2 -314.4
5040.7 5048.5 -2.0
5044.9 5043.3 -195.2
5043.1 5042.6 407.8
5043.7 5047.1 319.5
5042.7 5045.4 359.8
5041.4 5042.0 -303.4
5044.3 5048.6 267.8
5042.3 5046.2 -163.5
5042.8 5048.5 352.2
5044.9 5040.9 -488.2
5048.5 5048.5 -425.4
5049.0 5040.6 417.5
5047.4 5047.3 36.4
5044.5 5041.4 -91.4
5045.4 5048.2 -350.2
5046.9 5046.5 -358.1
5044.0 5043.8 151.9
5044.7 5042.2 -260.5
5040.6 5043.0 150.9
5046.8 5043.3 456.5
5042.6 5040.7 -24.6
5047.4 5044.4 137.2
5041.6 5047.4 396.2
5041.3 5046.3 -355.8
5044.4 5045.0 -133.3
5043.6 5048.3 21.4
5040.2 5045.9 392.0
5040.5 5042.3 -114.5
5045.4 5047.1 283.7
5046.0 5041.5 389.1
5046.3 5040.5 365.4
5042.6 5042.7 -480.6
5048.7 5048.6 -487.9
5047.5 5040.4 206.6
5044.8 5044.4 275.2
5047.8 5041.8 208.6
5045.2 5046.6 243.7
5045.6 5046.3 -127.3
5048.4 5041.5 175.9
5049.4 5047.2 -298.6
5048.4 5047.3 33.2
5048.0 5043.2 154.6
5040.1 5047.0 -479.8
5044.8 5048.3 25.9
5041.0 5044.3 477.0
5045.8 5046.9 -208.1
5041.5 5047.8 -485.0
5042.2 5042.7 427.9
5041.6 5041.4 61.3
5040.6 5041.7 -124.3
5048.2 5043.6 -189.9
5047.8 5045.3 136.6
5044.1 5041.7 409.8
5046.1 5044.7 -338.2
5048.2 5044.5 -245.0
5046.5 5044.6 -350.1
5046.8 5042.0 3.0
5040.8 5046.1 249.8
5048.4 5045.2 -200.5
5045.4 5044.8 7.5
5044.9 5046.6 -394.1
5044.5 5041.8 270.7
5044.0 5041.0 -35.7
5042.2 5040.2 64.5
5045.1 5044.3 191.6
5046.9 5044.6 -290.6
5047.4 5045.6 130.0
5045.2 5047.7 275.3
5046.6 5048.1 449.1
5040.2 5045.0 216.4
5044.8 5047.2 384.3
5041.9 5044.0 -14.0
5044.9 5042.7 0.5
5041.7 5043.2 264.5
5047.2 5046.9 -488.8
5045.0 5044.0 -48.8
5048.2 5043.4 341.7
5049.2 5040.2 93.0
5040.2 5044.5 447.2
5048.8 5047.5 -229.2
5040.0 5049.2 462.5
5045.8 5046.2 140.2
5046.3 5045.2 -353.5
5045.9 5041.4 440.2
5048.4 5049.2 28.8
5046.4 5048.5 -240.0
5040.5 5048.3 -330.8
5047.2 5042.8 -112.9
5047.4 5046.2 240.2
5048.8 5044.6 22.6
5047.9 5043.8 -371.4
5049.2 5047.6 -225.0
5042.5 5048.4 110.3
5046.1 5048.7 -302.7
5042.1 5041.2 230.4
5044.8 5042.6 -226.2
5043.4 5041.1 -214.6
5047.0 5043.4 343.5
5044.3 5046.9 -235.6
5046.6 5046.7 373.4
5040.3 5040.4 93.6
5043.1 5043.9 -220.1
5040.4 5046.6 288.8
5048.9 5043.6 -413.3
5044.2 5047.1 -368.4
5043.5 5048.9 -2.7
5041.7 5049.2 393.5
5045.5 5040.1 -97.7
5042.6 5042.7 187.1
5045.6 5047.2 301.0
5042.0 5041.8 -47.3
5049.0 5040.1 -150.4
5044.2 5048.5 -408.0
5046.5 5046.3 -469.7
5043.9 5046.6 270.5
5044.8 5046.9 -83.9
5042.8 5045.9 378.0
5043.5 5040.0 -443.0
5042.0 5049.0 -320.7
5041.6 5040.4 -159.3
5041.4 5043.6 -116.6
5041.5 5048.8 483.4
5041.0 5040.6 -191.3
5042.5 5043.6 -32.8
5047.7 5045.0 -328.7
5043.3 5045.1 -111.5
5043.6 5041.6 -371.1
5049.2 5047.2 -51.5
5040.3 5040.4 -19.6
5041.6 5042.4 -30.0
5047.6 5040.8 -272.1
5045.5 5044.6 -434.6
5046.8 5046.0 -220.6
5043.0 5048.2 -453.9
5047.8 5048.4 -180.8
5044.8 5042.9 -214.7
5048.5 5049.0 257.1
5044.4 5043.3 -22.7
5041.7 5043.3 -11.6
5049.2 5048.8 -457.3
5045.2 5047.9 -477.3
5047.4 5041.6 -119.0
5042.3 5048.0 244.3
5041.9 5047.9 -328.6
5047.7 5043.0 462.5
5042.8 5045.9 63.1
5041.4 5040.7 -297.2
5046.5 5047.4 -339.3
5045.4 5046.4 473.6
5048.6 5040.9 48.9
5049.1 5044.8 -180.5
5045.2 5040.3 174.6
5047.0 5047.1 480.4
5041.2 5041.3 245.8
5044.9 5044.6 -391.3
5044.8 5040.8 75.3
5041.6 5046.7 -26.6
5046.5 5041.8 -379.4
5048.3 5045.5 -460.8
5047.0 5044.2 -410.2
5040.5 5042.9 -112.3
5044.4 5041.0 307.1
5046.9 5044.2 343.1
5042.2 5046.2 382.8
5044.3 5040.1 331.1
5047.9 5043.4 -81.1
5045.6 5041.8 -447.6
5040.9 5045.2 303.9
5046.4 5047.0 262.7
5046.2 5044.2 169.5
5043.9 5040.4 36.4
5042.4 5049.2 354.2
5041.7 5046.0 377.4
5040.8 5042.4 -66.1
5048.4 5043.9 -102.9
5042.3 5042.0 90.1
5048.5 5047.2 78.1
5047.9 5048.6 156.0
5047.4 5042.6 304.3
5042.6 5043.3 -371.9
5045.5 5049.4 -306.9
5043.9 5043.2 314.3
5042.3 5047.9 -139.4
5045.0 5042.0 -370.6
5044.4 5040.7 150.4
5043.2 5046.2 -303.9
5048.0 5048.7 342.8
5046.4 5042.4 -311.1
5046.3 5040.4 11.0
5044.2 5048.8 448.4
5044.8 5042.3 133.7
5045.9 5044.0 -18.2
5045.1 5047.8 218.3
5042.1 5040.4 -2.7
5044.9 5043.8 -135.6
5044.7 5041.0 182.2
5047.4 5040.7 438.4
5047.0 5042.0 229.0
5045.5 5042.4 439.9
5045.7 5049.0 -347.0
5046.7 5043.4 -421.6
5043.1 5046.6 -443.1
5041.2 5042.7 -474.1
5043.0 5041.9 79.0
5041.2 5044.3 -454.0
5040.1 5044.5 -184.2
5041.7 5042.8 391.6
5043.3 5044.2 -73.2
5041.3 5042.3 378.0
5043.1 5044.9 344.4
5046.0 5047.9 -427.0
5044.1 5047.2 150.0
5046.8 5047.2 192.7
5042.0 5040.5 287.9
5046.2 5046.3 96.3
5043.5 5044.4 -21.5
5041.5 5040.1 -59.8
5041.7 5048.7 87.6
5046.8 5045.8 42.9
5049.2 5042.8 -351.3
5047.7 5044.7 -135.8
5047.4 5046.0 -245.8
5041.2 5043.2 388.4
5049.1 5044.9 -0.7
5045.7 5045.9 93.8
5042.5 5046.0 63.4
5048.3 5041.1 -99.6
5049.4 5047.8 -106.9
5048.4 5040.2 -29.6
5043.0 5044.2 232.8
5044.8 5040.0 -125.0
5049.2 5042.2 -52.7
5046.1 5045.2 -140.4
5042.7 5048.0 -449.3
5042.9 5040.3 10.8
5046.4 5042.7 96.8
5042.0 5040.9 255.5
5040.9 5046.9 -140.4
5044.4 5045.1 -271.4
5041.6 5048.5 55.7
5042.6 5040.4 229.5
5046.1 5043.6 -125.1
5046.8 5044.3 -321.7
5045.9 5046.7 -427.5
5044.0 5048.3 -19.4
5049.0 5044.7 162.5
5045.0 5047.9 -325.1
5049.1 5044.5 391.9
5045.2 5041.9 109.0
5048.4 5048.2 318.3
5048.4 5041.4 -325.6
5042.1 5042.2 230.6
5045.7 5042.9 307.7
5041.1 5047.8 24.4
5045.1 5048.5 272.3
5047.3 5043.7 26.8
5040.1 5045.4 -176.8
5043.7 5047.2 352.0
5047.6 5046.0 -312.9
5042.1 5042.7 212.5
5040.1 5046.7 -29.2
5040.9 5041.2 -203.3
5041.8 5049.4 -164.5
5041.9 5049.0 -40.4
5040.8 5040.5 -479.3
5044.1 5043.9 -14.0
5043.9 5046.2 -363.1
5047.2 5046.4 160.8
5045.4 5042.4 195.3
5046.0 5040.8 -439.0
5046.6 5040.5 -230.6
5046.2 5040.1 430.4
5043.5 5043.1 159.6
5046.0 5049.3 94.0
5049.1 5045.5 355.1
5045.8 5049.3 -434.1
5047.3 5044.6 114.7
5043.3 5046.2 -410.3
5043.3 5044.6 -482.9
5044.6 5044.9 -317.6
5045.1 5040.1 -284.6
5049.4 5049.0 -424.3
5047.5 5042.4 62.7
5040.4 5047.6 -0.2
5044.6 5048.8 -273.1
5046.1 5043.9 -88.7
5045.9 5043.2 394.7
5045.0 5040.1 159.1
5044.6 5048.8 -250.5
5048.9 5046.7 172.4
5041.8 5040.4 -304.4
5047.7 5045.6 44.1
5046.9 5047.4 476.2
5042.5 5045.4 -279.7
5044.3 5040.5 -270.6
5047.8 5040.0 404.6
5043.5 5046.4 65.2
5049.5 5049.2 -130.7
5041.8 5048.2 126.9
5043.9 5040.7 94.2
5044.6 5044.5 -467.8
5041.8 5049.0 121.7
5047.1 5043.2 169.7
5042.0 5048.1 29.7
5041.2 5047.9 384.1
5046.9 5046.5 365.1
5043.5 5046.2 325.2
5040.0 5047.6 227.0
5049.2 5047.7 397.5
5047.5 5042.3 482.8
5041.7 5044.4 60.1
5044.9 5046.4 -136.6
5049.3 5040.2 251.1
5045.9 5048.0 -296.5
5041.6 5048.4 -79.3
5044.2 5043.0 130.3
5040.2 5043.9 -17.0
5049.2 5046.6 67.7
5043.4 5041.4 -121.8
5040.1 5048.4 -447.3
5047.9 5044.8 -120.7
5043.8 5047.6 -397.1
5047.7 5042.6 220.9
5041.0 5046.2 430.0
5047.4 5042.4 -34.6
5048.5 5047.3 455.0
5040.6 5041.1 127.3
5041.4 5049.5 146.5
5045.8 5045.6 193.4
5047.8 5045.2 -168.4
5049.2 5042.7 -10.0
5045.3 5041.6 -459.7
5049.1 5042.7 -354.1
5045.3 5049.3 -14.4
5045.9 5041.2 188.8
5046.5 5042.6 -203.3
5049.1 5044.6 -43.1
5040.7 5044.0 -285.0
5042.2 5048.2 -107.3
5040.5 5044.0 253.8
5043.2 5048.7 -355.5
5044.5 5043.5 253.3
5047.5 5045.0 -216.1
5048.1 5040.3 -298.7
5048.0 5041.2 315.3
5041.8 5041.7 410.5
5048.7 5048.3 -152.5
5043.5 5047.9 401.8
5040.5 5045.2 -212.6
5049.3 5043.2 354.2
5041.5 5046.7 -324.2
5041.0 5043.0 471.3
5046.1 5043.0 157.2
5042.7 5048.6 214.3
5040.2 5046.1 444.7
5044.5 5043.7 -36.7
5048.8 5041.5 303.6
5045.4 5045.6 -196.9
5048.9 5047.1 -149.0
5044.0 5047.6 6.7
5049.3 5045.0 -480.0
5040.0 5040.3 126.1
5043.5 5045.9 461.8
5049.1 5043.4 -360.5
5049.3 5048.3 -252.6
5049.1 5040.7 -281.3
5048.8 5045.0 -406.8
5044.6 5045.7 336.3
5048.0 5044.3 423.2
5044.5 5040.8 -253.1
5044.1 5049.5 -321.3
5042.8 5047.2 425.5
5044.2 5044.3 482.3
5043.3 5043.9 -397.5
5042.5 5041.2 262.7
5040.6 5043.0 443.9
5040.9 5041.2 340.0
5040.7 5040.7 -177.3
5042.0 5044.8 -17.5
5040.0 5048.3 -141.0
5041.7 5048.6 461.3
5048.6 5045.9 -387.2
5046.1 5042.4 9.7
5042.5 5041.4 -90.7
5047.9 5040.6 -59.3
5043.5 5044.6 -407.9
5045.0 5045.1 89.6
5046.3 5044.3 -13.3
5049.4 5044.0 -381.8
5040.4 5043.3 442.7
5041.9 5048.9 255.1
5041.5 5043.5 -3.5
5041.1 5045.0 -271.9
5042.7 5042.5 69.7
5042.4 5042.5 476.7
5040.9 5044.1 -246.9
5043.9 5042.5 -416.6
5043.8 5043.0 180.5
5048.9 5046.7 45.1
5041.5 5047.6 -416.2
5048.4 5043.3 315.6
5041.8 5044.3 -176.2
5041.9 5040.4 360.8
5041.7 5049.3 -466.5
5042.4 5048.1 423.1
5046.9 5045.9 337.5
5040.8 5047.0 173.0
5042.0 5043.9 -356.9
5044.5 5044.3 -55.0
5044.2 5047.0 200.4
5040.1 5047.6 -406.9
5048.1 5043.4 -7.1
5047.4 5045.6 457.7
5042.3 5046.0 -313.7
5041.0 5045.2 79.6
5048.6 5044.3 261.5
5041.4 5044.5 378.4
5046.4 5046.6 -405.9
5044.2 5044.1 288.9
5043.5 5041.9 -484.8
5048.6 5040.1 484.1
5045.8 5047.2 -430.0
5047.2 5046.8 113.3
5049.1 5044.2 43.4
5040.3 5040.8 -481.1
5040.2 5041.0 255.9
5040.0 5042.0 -473.1
5047.2 5041.0 479.4
5042.7 5046.9 251.4
5042.5 5040.4 -30.1
5048.4 5048.3 232.9
5040.6 5045.3 -40.3
5042.0 5047.8 418.4
5041.3 5045.0 -321.9
5045.1 5049.1 -200.6
5048.3 5045.8 268.8
5044.4 5040.0 109.1
5041.8 5042.5 122.8
5041.5 5046.5 320.9
5045.8 5042.0 -355.3
5046.4 5043.0 383.9
5042.6 5043.8 329.1
5049.3 5049.2 -393.6
5041.3 5040.1 -19.6
5042.8 5041.1 -172.9
5040.8 5043.4 284.3
5047.0 5040.3 -38.7
5049.0 5047.9 319.8
5043.0 5042.2 -103.3
5045.7 5042.7 428.3
5049.2 5042.6 -190.8
5046.4 5046.2 -397.6
5044.6 5046.0 96.8
5046.7 5042.1 -478.4
5040.1 5040.6 -132.2
5046.5 5046.0 -22.5
5041.5 5040.6 434.7
5045.1 5042.4 -213.0
5049.0 5040.2 246.6
5047.6 5042.6 376.4
5043.6 5041.9 183.5
5040.3 5047.0 -229.8
5047.6 5042.0 110.8
5043.2 5043.8 222.6
5046.4 5040.3 379.7
5041.9 5046.2 -281.4
5046.5 5048.5 372.3
5047.7 5041.4 -341.2
5047.1 5045.2 -392.0
5046.3 5040.1 349.8
5045.7 5045.4 414.7
5046.8 5046.5 -445.8
5041.0 5041.7 -258.0
5042.0 5040.8 75.8
5045.1 5046.1 360.0
5041.0 5042.4 33.7
5044.4 5040.7 -381.3
5048.4 5040.4 -338.3
5043.7 5046.8 -325.4
5044.8 5049.4 47.4
5046.3 5047.9 158.8
5041.1 5045.9 -102.4
5043.0 5041.2 -386.3
5047.2 5043.0 -75.1
5041.4 5046.1 -483.9
5046.4 5042.2 317.1
5046.0 5040.0 203.2
5040.5 5046.1 -58.7
5042.2 5040.7 -53.7
5040.8 5040.7 -359.4
5047.6 5046.4 387.2
5048.1 5046.8 -237.2
5045.1 5040.4 -399.2
5043.2 5043.3 124.7
5042.3 5042.7 -467.4
5041.1 5047.8 -244.8
5046.2 5047.2 444.4
5045.3 5046.3 -375.1
5043.3 5041.4 113.0
5044.3 5042.2 58.9
5040.2 5043.2 367.4
5040.2 5046.3 477.7
5046.2 5045.8 -18.6
5046.4 5048.3 -270.1
5048.3 5045.8 -137.6
5044.7 5043.0 -377.4
5047.1 5047.6 68.4
5046.4 5043.8 -162.3
5045.1 5043.0 -241.3
5042.8 5045.1 392.2
5043.4 5044.8 107.3
5044.8 5049.3 -0.4
5042.8 5046.1 -144.2
5047.0 5048.6 160.4
5045.2 5049.1 -272.2
5042.4 5048.6 -348.9
5048.7 5046.1 -63.2
5044.5 5048.0 92.1
5046.8 5047.0 -142.5
5043.5 5048.6 -135.9
5046.5 5047.5 298.3
5043.4 5040.8 -81.5
5040.6 5048.9 473.2
5048.1 5041.9 463.9
5041.0 5048.4 -166.7
5046.7 5048.3 216.0
5046.6 5045.8 -114.6
5040.0 5042.9 206.1
5047.5 5043.2 169.9
5044.4 5048.3 97.8
5043.2 5047.2 -45.1
5046.6 5040.5 242.3
5047.8 5041.2 -259.8
5046.5 5042.3 248.8
5047.8 5040.8 198.1
5041.4 5045.0 334.8
5044.1 5043.6 -162.8
5040.9 5048.7 -236.6
5043.8 5049.4 -375.2
5044.1 5045.8 -120.8
5048.0 5048.0 -127.8
5047.7 5041.5 381.9
5045.0 5040.3 -478.0
5047.7 5042.7 -266.5
5043.9 5042.4 -99.7
5042.6 5047.2 -356.5
5048.0 5048.0 20.5
5047.1 5046.3 130.9
5042.9 5047.5 415.8
5040.7 5043.5 -185.5
5042.5 5048.7 -290.4
5044.2 5041.8 223.8
5045.0 5048.8 -151.8
5048.0 5047.6 -165.3
5047.1 5042.3 -201.0
5043.0 5042.8 -130.3
5049.1 5047.1 -179.3
5044.0 5046.6 -161.7
5044.2 5041.4 -64.7
5049.2 5045.7 328.1
5046.7 5048.0 465.1
5043.5 5047.5 377.6
5048.6 5049.1 -211.7
5047.5 5041.2 359.2
5044.7 5045.3 -240.3
5041.5 5042.8 401.7
5047.6 5046.0 251.7
5046.5 5042.5 245.9
5041.2 5046.0 263.5
5048.9 5043.4 -46.6
5044.2 5043.4 378.0
5044.2 5040.8 -257.5
5048.2 5040.8 180.7
5045.4 5043.2 -270.4
5042.5 5045.4 191.4
5042.0 5044.4 -226.1
5047.0 5042.7 -219.9
5046.7 5040.1 201.6
5040.5 5043.6 -325.0
5040.1 5048.1 -214.6
5047.3 5040.8 -72.1
5042.4 5049.0 439.6
5045.5 5047.4 -59.7
5045.9 5041.1 372.9
5048.9 5040.4 -199.7
5047.6 5043.2 -460.3
5040.4 5043.8 174.9
5044.0 5045.3 436.3
5042.2 5045.1 230.6
5046.9 5042.2 339.1
5041.1 5046.6 -38.5
5042.1 5040.5 210.6
5041.1 5041.9 427.4
5047.7 5044.4 123.7
5043.8 5048.0 215.6
5043.4 5046.8 -134.0
5046.0 5042.3 -302.4
5040.2 5043.2 -145.1
5043.6 5048.4 -190.3
5048.7 5047.3 395.2
5043.8 5049.3 367.1
5047.0 5041.4 316.2
5045.0 5044.0 473.8
5047.3 5045.5 463.1
5046.0 5049.1 177.8
5043.3 5043.9 -98.2
5046.5 5042.3 -40.4
5045.9 5049.5 -308.3
5041.4 5048.3 -17.5
5042.5 5045.8 -415.1
5041.7 5041.0 463.5
5048.5 5044.6 8.6
5043.3 5047.8 200.7
5040.2 5046.1 435.4
5041.8 5046.0 -438.0
5040.5 5044.7 -201.0
5045.4 5048.0 -79.2
5045.3 5043.9 -428.0
5046.0 5041.4 374.4
5044.4 5045.4 -454.3
5041.2 5047.7 306.2
5047.3 5041.9 69.0
5047.7 5045.6 111.8
5040.2 5045.8 -191.0
5042.2 5045.8 353.4
5043.0 5043.7 -309.8
5041.5 5043.3 302.1
5048.1 5046.3 40.2
5043.2 5040.6 365.3
5045.2 5041.3 97.5
5049.2 5048.4 115.8
5049.4 5048.5 -453.1
5043.2 5040.4 280.8
5044.6 5042.3 408.7
5040.6 5044.9 -376.2
5041.1 5045.8 316.8
5045.6 5047.3 -153.9
5049.2 5043.5 -78.1
5043.6 5044.6 187.3
5048.4 5043.6 -237.0
5044.0 5043.5 72.2
5047.7 5048.0 -334.1
5043.2 5045.9 66.1
5042.0 5041.2 -390.6
5041.9 5047.4 440.0
5048.6 5042.0 269.3
5044.3 5042.2 -466.1
5040.1 5046.9 215.7
